go test -v -race -count=1 --run TestEval ./internal/...
?   	github.com/dicedb/dice/internal/clientio/iohandler	[no test files]
?   	github.com/dicedb/dice/internal/clientio/requestparser	[no test files]
?   	github.com/dicedb/dice/internal/cmd	[no test files]
?   	github.com/dicedb/dice/internal/comm	[no test files]
?   	github.com/dicedb/dice/internal/common	[no test files]
?   	github.com/dicedb/dice/internal/errors	[no test files]
testing: warning: no tests to run
PASS
ok  	github.com/dicedb/dice/internal/auth	1.013s [no tests to run]
testing: warning: no tests to run
PASS
ok  	github.com/dicedb/dice/internal/clientio	1.041s [no tests to run]
testing: warning: no tests to run
PASS
ok  	github.com/dicedb/dice/internal/clientio/iohandler/netconn	1.037s [no tests to run]
testing: warning: no tests to run
PASS
ok  	github.com/dicedb/dice/internal/clientio/requestparser/resp	1.012s [no tests to run]
testing: warning: no tests to run
PASS
ok  	github.com/dicedb/dice/internal/dencoding	1.040s [no tests to run]
?   	github.com/dicedb/dice/internal/eval/geo	[no test files]
?   	github.com/dicedb/dice/internal/eval/sortedset	[no test files]
?   	github.com/dicedb/dice/internal/iomultiplexer	[no test files]
?   	github.com/dicedb/dice/internal/logger	[no test files]
?   	github.com/dicedb/dice/internal/object	[no test files]
?   	github.com/dicedb/dice/internal/ops	[no test files]
?   	github.com/dicedb/dice/internal/querymanager	[no test files]
?   	github.com/dicedb/dice/internal/server	[no test files]
?   	github.com/dicedb/dice/internal/server/resp	[no test files]
?   	github.com/dicedb/dice/internal/shard	[no test files]
=== RUN   TestEval
=== RUN   TestEval/one_value
=== RUN   TestEval/key_val_pair
=== RUN   TestEval/odd_key_val_pair
=== RUN   TestEval/even_key_val_pair
=== RUN   TestEval/nil_value
=== RUN   TestEval/empty_array
=== RUN   TestEval/more_than_one_values
=== RUN   TestEval/nil_value#01
=== RUN   TestEval/empty_args
=== RUN   TestEval/one_value#01
=== RUN   TestEval/empty_args#01
=== RUN   TestEval/one_value#02
=== RUN   TestEval/more_than_one_values#01
=== RUN   TestEval/nil_value#02
=== RUN   TestEval/nil_value#03
=== RUN   TestEval/empty_array#01
=== RUN   TestEval/one_value#03
=== RUN   TestEval/key_val_pair#01
=== RUN   TestEval/key_val_pair_with_int_val
=== RUN   TestEval/key_val_pair_and_expiry_key
=== RUN   TestEval/key_val_pair_and_EX_no_val
=== RUN   TestEval/key_val_pair_and_valid_EX
=== RUN   TestEval/key_val_pair_and_invalid_EX
=== RUN   TestEval/key_val_pair_and_valid_PX
=== RUN   TestEval/key_val_pair_and_invalid_PX
=== RUN   TestEval/key_val_pair_and_both_EX_and_PX
=== RUN   TestEval/key_val_pair_and_PXAT_no_val
=== RUN   TestEval/key_val_pair_and_invalid_PXAT
=== RUN   TestEval/key_val_pair_and_expired_PXAT
=== RUN   TestEval/key_val_pair_and_negative_PXAT
=== RUN   TestEval/key_val_pair_and_valid_PXAT
=== RUN   TestEval/nil_value#04
=== RUN   TestEval/empty_array#02
=== RUN   TestEval/key_does_not_exist
=== RUN   TestEval/multiple_arguments
=== RUN   TestEval/key_exists
=== RUN   TestEval/key_exists_but_expired
=== RUN   TestEval/key_holding_json_type
=== RUN   TestEval/key_holding_set_type
=== RUN   TestEval/key_val_pair_and_valid_EX#01
=== RUN   TestEval/key_val_pair_and_invalid_EX#01
=== RUN   TestEval/root_path
=== RUN   TestEval/valid_path
=== RUN   TestEval/multiple_paths_for_object_json
=== RUN   TestEval/negative_index_path
=== RUN   TestEval/wrong_subcommand_passed
=== RUN   TestEval/help_with_args
=== RUN   TestEval/invalid_path
=== RUN   TestEval/multiple_index_paths_for_array_json
=== RUN   TestEval/multiple_valid_and_invalid_index_paths
=== RUN   TestEval/all_paths_with_semicolon_for_array_json
=== RUN   TestEval/no_subcommand_passed
=== RUN   TestEval/help_no_args
=== RUN   TestEval/memory_without_args
=== RUN   TestEval/no_path
=== RUN   TestEval/multiple_negative_indexe_paths
=== RUN   TestEval/array_json_with_mixed_types
=== RUN   TestEval/memory_nonexistant_key
=== RUN   TestEval/single_index_path_for_array_json
=== RUN   TestEval/index_path_out_of_range_for_array_json
=== RUN   TestEval/negative_index_path_out_of_bound
=== RUN   TestEval/all_paths_with_asterix_for_array_json
=== RUN   TestEval/subpath_two_array
=== RUN   TestEval/subpath_not_array
=== RUN   TestEval/key_does_not_exist#01
=== RUN   TestEval/index_is_not_integer
=== RUN   TestEval/index_out_of_bounds
=== RUN   TestEval/root_path_is_not_array
=== RUN   TestEval/root_path_is_array
=== RUN   TestEval/subpath_array
=== RUN   TestEval/subpath_array_index_negative
=== RUN   TestEval/index_negative_start_larger_than_stop
=== RUN   TestEval/nil_value#05
=== RUN   TestEval/key_does_not_exist#02
=== RUN   TestEval/root_path_is_not_array#01
=== RUN   TestEval/subpath_array_insert_positive_index
=== RUN   TestEval/array_insert_with_multitype_value
=== RUN   TestEval/nil_value#06
=== RUN   TestEval/index_is_not_integer#01
=== RUN   TestEval/index_out_of_bounds#01
=== RUN   TestEval/root_path_is_array#01
=== RUN   TestEval/subpath_array_insert_negative_index
=== RUN   TestEval/wrong_number_of_args_passed
=== RUN   TestEval/empty_array_at_root_path
=== RUN   TestEval/array_root_path_valid_negative_index
=== RUN   TestEval/array_at_root_path_updated_correctly
=== RUN   TestEval/array_root_path_out_of_bound_negative_index
=== RUN   TestEval/nested_array_updated_correctly
=== RUN   TestEval/key_does_not_exist#03
=== RUN   TestEval/empty_array_at_nested_path
=== RUN   TestEval/all_paths_with_asterix
=== RUN   TestEval/array_root_path_no_index
=== RUN   TestEval/array_root_path_valid_positive_index
=== RUN   TestEval/array_root_path_out_of_bound_positive_index
=== RUN   TestEval/key_does_not_exist#04
=== RUN   TestEval/root_not_array_arrlen
=== RUN   TestEval/root_array_arrlen
=== RUN   TestEval/wildcase_no_array_arrlen
=== RUN   TestEval/subpath_array_arrlen
=== RUN   TestEval/nil_value#07
=== RUN   TestEval/key_does_not_exist#05
=== RUN   TestEval/root_path_del
=== RUN   TestEval/part_path_del
=== RUN   TestEval/wildcard_path_del
=== RUN   TestEval/nil_value#08
=== RUN   TestEval/part_path_forget
=== RUN   TestEval/wildcard_path_forget
=== RUN   TestEval/nil_value#09
=== RUN   TestEval/key_does_not_exist#06
=== RUN   TestEval/root_path_forget
=== RUN   TestEval/empty_array#03
=== RUN   TestEval/key_does_not_exist#07
=== RUN   TestEval/root_clear
=== RUN   TestEval/array_type_clear
=== RUN   TestEval/string_type_clear
=== RUN   TestEval/integer_type_clear
=== RUN   TestEval/number_type_clear
=== RUN   TestEval/nil_value#10
=== RUN   TestEval/multi_type_clear
=== RUN   TestEval/boolean_type_clear
=== RUN   TestEval/multi_type_value
=== RUN   TestEval/object_type_value
=== RUN   TestEval/array_type_value
=== RUN   TestEval/string_type_value
=== RUN   TestEval/number_type_value
=== RUN   TestEval/null_type_value
=== RUN   TestEval/nil_value#11
=== RUN   TestEval/empty_array#04
=== RUN   TestEval/key_does_not_exist#08
=== RUN   TestEval/boolean_type_value
=== RUN   TestEval/key_does_not_exist#09
=== RUN   TestEval/key_exists_invalid_value
=== RUN   TestEval/key_exists_value
=== RUN   TestEval/key_exists_but_expired#01
=== RUN   TestEval/nil_value#12
=== RUN   TestEval/empty_array#05
=== RUN   TestEval/nil_value#13
=== RUN   TestEval/empty_array#06
=== RUN   TestEval/insufficient_args
=== RUN   TestEval/invalid_json_path
=== RUN   TestEval/valid_json_path
=== RUN   TestEval/insufficient_args#01
=== RUN   TestEval/non-numeric_multiplier_on_existing_key
=== RUN   TestEval/nummultby_on_non_integer_root_fields
=== RUN   TestEval/nummultby_on_recursive_fields
=== RUN   TestEval/nummultby_on_integer_root_fields
=== RUN   TestEval/nummultby_on_non-existent_key
=== RUN   TestEval/nil_value#14
=== RUN   TestEval/empty_array#07
=== RUN   TestEval/key_does_not_exist#10
=== RUN   TestEval/key_exists,_toggling_boolean_true_to_false
=== RUN   TestEval/key_exists,_toggling_boolean_false_to_true
=== RUN   TestEval/key_exists_but_expired#02
=== RUN   TestEval/nested_JSON_structure_with_multiple_booleans
=== RUN   TestEval/deeply_nested_JSON_structure_with_multiple_matching_fields
=== RUN   TestEval/nil_value#15
=== RUN   TestEval/empty_array#08
=== RUN   TestEval/arr_append_with_json_value
=== RUN   TestEval/arr_append_to_an_array_with_different_type
=== RUN   TestEval/arr_append_single_element_to_an_array_field
=== RUN   TestEval/arr_append_multiple_elements_to_an_array_field
=== RUN   TestEval/arr_append_string_value
=== RUN   TestEval/arr_append_to_append_on_root_node
=== RUN   TestEval/arr_append_to_non_array_fields
=== RUN   TestEval/arr_append_nested_array_value
=== RUN   TestEval/arr_append_to_append_on_multiple_fields
=== RUN   TestEval/nil_json
=== RUN   TestEval/empty_object
=== RUN   TestEval/array_with_mixed_types
=== RUN   TestEval/one_layer_of_nesting_no_path
=== RUN   TestEval/wrong_number_of_args_passed#01
=== RUN   TestEval/key_does_not_exist#11
=== RUN   TestEval/string_json
=== RUN   TestEval/integer_json
=== RUN   TestEval/bool_json
=== RUN   TestEval/empty_array#09
=== RUN   TestEval/one_layer_of_nesting_with_path
=== RUN   TestEval/key_does_not_exist#12
=== RUN   TestEval/multiple_arguments#01
=== RUN   TestEval/key_exists_expiry_not_set
=== RUN   TestEval/key_exists_not_expired
=== RUN   TestEval/key_exists_but_expired#03
=== RUN   TestEval/nil_value#16
=== RUN   TestEval/empty_array#10
=== RUN   TestEval/key_does_not_exist#13
=== RUN   TestEval/key_exists#01
=== RUN   TestEval/nil_value#17
=== RUN   TestEval/empty_array#11
=== RUN   TestEval/key_exists_but_no_expiration_set
=== RUN   TestEval/key_exists_and_expiration_removed
=== RUN   TestEval/key_exists_with_expiration_set_and_not_expired
=== RUN   TestEval/wrong_number_of_arguments
=== RUN   TestEval/key_does_not_exist#14
=== RUN   TestEval/nil_value#18
=== RUN   TestEval/key_exists#02
=== RUN   TestEval/invalid_expiry_time_exists_-_very_large_integer
=== RUN   TestEval/invalid_expiry_time_exists_-_negative_integer
=== RUN   TestEval/invalid_expiry_time_exists_-_empty_string
=== RUN   TestEval/invalid_expiry_time_exists_-_with_float_number
=== RUN   TestEval/empty_args#02
=== RUN   TestEval/wrong_number_of_args
=== RUN   TestEval/key_does_not_exist#15
=== RUN   TestEval/wrong_number_of_args#01
=== RUN   TestEval/key_does_not_exist#16
=== RUN   TestEval/key_exists_without_expiry
=== RUN   TestEval/key_exists_with_expiry
=== RUN   TestEval/invalid_expire_time_-_very_large_integer
=== RUN   TestEval/invalid_expire_time_-_negative_integer
=== RUN   TestEval/nil_value#19
=== RUN   TestEval/empty_args#03
=== RUN   TestEval/wrong_number_of_args#02
=== RUN   TestEval/key_does_not_exist#17
=== RUN   TestEval/key_exists#03
=== RUN   TestEval/one_key_exists_in_db
=== RUN   TestEval/two_keys_exist_in_db
=== RUN   TestEval/repeating_keys_shall_result_in_same_dbsize
=== RUN   TestEval/deleted_keys_shall_be_reflected_in_dbsize
=== RUN   TestEval/DBSIZE_command_with_invalid_no_of_args
=== RUN   TestEval/no_key_in_db
=== RUN   TestEval/GETSET_with_1_arg
=== RUN   TestEval/GETSET_with_3_args
=== RUN   TestEval/GETSET_key_not_exists
=== RUN   TestEval/GETSET_key_exists
=== RUN   TestEval/GETSET_key_exists_TTL_should_be_reset
=== RUN   TestEval/key,_field_and_value_passed
=== RUN   TestEval/key,_field_and_value_updated
=== RUN   TestEval/new_set_of_key,_field_and_value_added
=== RUN   TestEval/apply_with_duplicate_key,_field_and_value_names
=== RUN   TestEval/same_key_->_update_value,_add_new_field_and_value
=== RUN   TestEval/wrong_number_of_args_passed#02
=== RUN   TestEval/only_key_passed
=== RUN   TestEval/only_key_and_field_name_passed
=== RUN   TestEval/new_set_of_key,_field_and_value_added#01
=== RUN   TestEval/apply_with_duplicate_key,_field_and_value_names#01
=== RUN   TestEval/same_key_->_update_value,_add_new_field_and_value#01
=== RUN   TestEval/wrong_number_of_args_passed#03
=== RUN   TestEval/only_key_passed#01
=== RUN   TestEval/only_key_and_field_name_passed#01
=== RUN   TestEval/key,_field_and_value_passed#01
=== RUN   TestEval/key,_field_and_value_updated#01
=== RUN   TestEval/HKEYS_wrong_number_of_args_passed
|-> <nil> | %!s(<nil>)
=== RUN   TestEval/HKEYS_key_doesn't_exist
-> [42 48 13 10] | [42 48 13 10]
-> *0
 | *0

=== RUN   TestEval/HKEYS_key_exists_and_is_a_hash
-> [42 48 13 10] | [42 49 13 10 36 49 53 13 10 109 111 99 107 95 102 105 101 108 100 95 110 97 109 101 13 10]
-> *0
 | *1
$15
mock_field_name

    eval_test.go:3133: 
        	Error Trace:	/mnt/md0/github/dicedb/internal/eval/eval_test.go:3133
        	Error:      	Should be true
        	Test:       	TestEval/HKEYS_key_exists_and_is_a_hash
        	Messages:   	expected and actual byte slices should be equal
=== RUN   TestEval/empty_array#12
=== RUN   TestEval/one_value#04
=== RUN   TestEval/key_val_pair#02
=== RUN   TestEval/key_multiple_values
=== RUN   TestEval/Incorrect_type_provided
=== RUN   TestEval/nil_value#20
=== RUN   TestEval/PFCOUNT_with_empty_arg
=== RUN   TestEval/PFCOUNT_key_not_exists
=== RUN   TestEval/PFCOUNT_key_exists
=== RUN   TestEval/wrong_number_of_args_passed#04
=== RUN   TestEval/only_key_passed#02
=== RUN   TestEval/key_doesn't_exists
=== RUN   TestEval/key_exists_but_field_name_doesn't_exists
=== RUN   TestEval/both_key_and_field_name_exists
=== RUN   TestEval/some_fields_exist_some_do_not
=== RUN   TestEval/wrong_number_of_args_passed#05
=== RUN   TestEval/only_key_passed#03
=== RUN   TestEval/key_doesn't_exists#01
=== RUN   TestEval/key_exists_but_field_name_doesn't_exists#01
=== RUN   TestEval/both_key_and_field_name_exists#01
=== RUN   TestEval/wrong_number_of_args_passed#06
=== RUN   TestEval/only_key_passed#04
=== RUN   TestEval/key_doesn't_exist
=== RUN   TestEval/key_exists_but_field_name_doesn't_exists#02
=== RUN   TestEval/both_key_and_field_name_exists#02
=== RUN   TestEval/HEXISTS_wrong_number_of_args_passed
=== RUN   TestEval/HEXISTS_only_key_passed
=== RUN   TestEval/HEXISTS_key_doesn't_exist
[58 48 13 10] | [58 48 13 10]
=== RUN   TestEval/HEXISTS_key_exists_but_field_name_doesn't_exists
[58 48 13 10] | [58 48 13 10]
=== RUN   TestEval/HEXISTS_both_key_and_field_name_exists
[58 49 13 10] | [58 49 13 10]
=== RUN   TestEval/HDEL_with_key_exists_but_not_a_hash
=== RUN   TestEval/HDEL_with_delete_existing_fields
=== RUN   TestEval/HDEL_with_delete_non-existing_fields
=== RUN   TestEval/HDEL_with_wrong_number_of_args
=== RUN   TestEval/HDEL_with_key_does_not_exist
=== RUN   TestEval/HSCAN_with_MATCH_argument
=== RUN   TestEval/HSCAN_with_wrong_number_of_args
=== RUN   TestEval/HSCAN_with_key_does_not_exist
=== RUN   TestEval/HSCAN_with_cursor_at_the_end
=== RUN   TestEval/HSCAN_with_cursor_in_the_middle
=== RUN   TestEval/HSCAN_with_COUNT_argument
=== RUN   TestEval/HSCAN_with_MATCH_and_COUNT_arguments
=== RUN   TestEval/HSCAN_with_invalid_MATCH_pattern
=== RUN   TestEval/HSCAN_with_invalid_COUNT_value
=== RUN   TestEval/HSCAN_with_key_exists_but_not_a_hash
=== RUN   TestEval/HSCAN_with_valid_key_and_cursor
=== RUN   TestEval/HSCAN_with_cursor_at_the_beginning
=== RUN   TestEval/nil_value#21
=== RUN   TestEval/empty_array#13
=== RUN   TestEval/PFMERGE_invalid_hll_object
=== RUN   TestEval/PFMERGE_destKey_doesn't_exist
=== RUN   TestEval/PFMERGE_destKey_exist
=== RUN   TestEval/PFMERGE_destKey_exist_srcKey_doesn't_exists
=== RUN   TestEval/PFMERGE_destKey_exist_srcKey_exists
=== RUN   TestEval/PFMERGE_destKey_exist_multiple_srcKey_exist
=== RUN   TestEval/subpath_string_strlen
=== RUN   TestEval/subpath_not_string_strlen
=== RUN   TestEval/nil_value#22
=== RUN   TestEval/key_does_not_exist#18
=== RUN   TestEval/root_not_string_strlen
=== RUN   TestEval/root_array_strlen
=== RUN   TestEval/nil_value#23
=== RUN   TestEval/empty_args#04
=== RUN   TestEval/key_does_not_exist#19
=== RUN   TestEval/invalid_JSONPath
=== RUN   TestEval/incomapitable_type(int)_objlen
=== RUN   TestEval/incomapitable_type(string)_objlen
=== RUN   TestEval/root_not_object
=== RUN   TestEval/root_object_objlen
=== RUN   TestEval/wildcard_no_object_objlen
=== RUN   TestEval/subpath_object_objlen
=== RUN   TestEval/incomapitable_type(array)_objlen
=== RUN   TestEval/wrong_number_of_args#03
=== RUN   TestEval/key_does_not_exist#20
=== RUN   TestEval/key_exists_but_not_a_hash
=== RUN   TestEval/empty_hash
=== RUN   TestEval/hash_with_elements
=== RUN   TestEval/nil_value#24
=== RUN   TestEval/database_is_specified
=== RUN   TestEval/empty_args#05
=== RUN   TestEval/wrong_number_of_args#04
=== RUN   TestEval/key_does_not_exist#21
=== RUN   TestEval/key_exists#04
=== RUN   TestEval/key_with_different_type
=== RUN   TestEval/nil_value#25
=== RUN   TestEval/key_val_pair_and_valid_EX#02
=== RUN   TestEval/key_val_pair_and_invalid_EX#02
=== RUN   TestEval/key_holding_json_type#01
=== RUN   TestEval/key_holding_set_type#01
=== RUN   TestEval/incr_on_numeric_field
=== RUN   TestEval/incr_on_float_field
=== RUN   TestEval/incr_on_multiple_fields
=== RUN   TestEval/incr_on_array_element
=== RUN   TestEval/incr_on_non-existent_field
=== RUN   TestEval/incr_with_mixed_fields
=== RUN   TestEval/incr_on_nested_fields
=== RUN   TestEval/empty_array#14
=== RUN   TestEval/key_does_not_exist#22
=== RUN   TestEval/dump_string_value
=== RUN   TestEval/dump_integer_value
=== RUN   TestEval/dump_expired_key
=== RUN   TestEval/nil_value#26
=== RUN   TestEval/TYPE_:_key_exists_and_is_of_type_Set
=== RUN   TestEval/TYPE_:_key_exists_and_is_of_type_Hash
=== RUN   TestEval/TYPE_:_incorrect_number_of_arguments
=== RUN   TestEval/TYPE_:_key_does_not_exist
=== RUN   TestEval/TYPE_:_key_exists_and_is_of_type_String
=== RUN   TestEval/TYPE_:_key_exists_and_is_of_type_List
=== RUN   TestEval/command_info_valid_command_SET
=== RUN   TestEval/command_info_valid_command_GET
=== RUN   TestEval/command_info_valid_command_PING
=== RUN   TestEval/command_info_multiple_valid_commands
=== RUN   TestEval/command_info_invalid_command
=== RUN   TestEval/command_info_mixture_of_valid_and_invalid_commands
=== RUN   TestEval/command_unknown
=== RUN   TestEval/command_help
=== RUN   TestEval/increment_value_is_not_int64
=== RUN   TestEval/update_the_exisiting_field_which_has_spaces
=== RUN   TestEval/updating_the_existing_field_which_would_lead_to_negative_overflow
=== RUN   TestEval/only_key_is_passed_in_args
=== RUN   TestEval/only_key_and_field_is_passed_in_args
=== RUN   TestEval/update_the_already_existing_field_in_the_key
=== RUN   TestEval/update_the_existing_field_whose_datatype_is_not_int64
=== RUN   TestEval/updating_the_new_field_with_negative_value
=== RUN   TestEval/update_the_exisiting_field_with_negative_value
=== RUN   TestEval/updating_the_existing_field_which_would_lead_to_positive_overflow
=== RUN   TestEval/invalid_number_of_args_passed
=== RUN   TestEval/key,_field_and_increment_passed_in_args
=== RUN   TestEval/increment_value_is_greater_than_the_bound_of_int64
=== RUN   TestEval/nil_value#27
=== RUN   TestEval/root_not_object#01
=== RUN   TestEval/wildcard_no_object_objkeys
=== RUN   TestEval/incomapitable_type(int)
=== RUN   TestEval/empty_args#06
=== RUN   TestEval/key_does_not_exist#23
=== RUN   TestEval/invalid_JSONPath#01
=== RUN   TestEval/incomapitable_type(string)
=== RUN   TestEval/incomapitable_type(array)
=== RUN   TestEval/GETRANGE_against_string_value:_-1,_-100
=== RUN   TestEval/GETRANGE_against_integer_value:_-1,_-100
=== RUN   TestEval/GETRANGE_against_string_value:_0,_-1
=== RUN   TestEval/GETRANGE_against_string_value:_-4,_-1
=== RUN   TestEval/GETRANGE_against_string_value:_0,_-100
=== RUN   TestEval/GETRANGE_against_string_value:_-100,_-101
=== RUN   TestEval/GETRANGE_against_integer_value:_5,_3
=== RUN   TestEval/GETRANGE_against_integer_value:_-100,_-99
=== RUN   TestEval/GETRANGE_against_string_value:_5,_5000
=== RUN   TestEval/GETRANGE_against_string_value:_-5000,_10000
=== RUN   TestEval/GETRANGE_against_string_value:_1,_-100
=== RUN   TestEval/GETRANGE_against_integer_value:_0,_-100
=== RUN   TestEval/GETRANGE_against_integer_value:_1,_-100
=== RUN   TestEval/GETRANGE_against_integer_value:_-100,_-100
=== RUN   TestEval/GETRANGE_against_wrong_key_type
=== RUN   TestEval/GETRANGE_against_string_value:_0,_3
=== RUN   TestEval/GETRANGE_against_integer_value:_0,_2
=== RUN   TestEval/GETRANGE_against_integer_value:_0,_-1
=== RUN   TestEval/GETRANGE_against_integer_value:_-3,_-1
=== RUN   TestEval/GETRANGE_against_integer_value:_3,_5000
=== RUN   TestEval/GETRANGE_against_integer_value:_-5000,_10000
=== RUN   TestEval/GETRANGE_against_integer_value:_-100,_-101
=== RUN   TestEval/GETRANGE_against_non-existing_key
=== RUN   TestEval/GETRANGE_against_string_value:_5,_3
=== RUN   TestEval/GETRANGE_against_string_value:_-100,_-100
=== RUN   TestEval/key,_field_and_value_passed#02
=== RUN   TestEval/new_set_of_key,_field_and_value_added#02
=== RUN   TestEval/apply_with_duplicate_key,_field_and_value_names#02
=== RUN   TestEval/no_args_passed
=== RUN   TestEval/only_key_passed#05
=== RUN   TestEval/only_key_and_field_name_passed#02
=== RUN   TestEval/more_than_one_field_and_value_passed
=== RUN   TestEval/more_than_one_values#02
=== RUN   TestEval/nil_value#28
=== RUN   TestEval/empty_args#07
=== RUN   TestEval/one_value#05
=== RUN   TestEval/#00
=== RUN   TestEval/#01
=== RUN   TestEval/#02
=== RUN   TestEval/#03
=== RUN   TestEval/#04
=== RUN   TestEval/#05
=== RUN   TestEval/#06
=== RUN   TestEval/#07
=== RUN   TestEval/#08
=== RUN   TestEval/#09
=== RUN   TestEval/#10
=== RUN   TestEval/#11
=== RUN   TestEval/#12
=== RUN   TestEval/#13
=== RUN   TestEval/one_key_exists_in_db#01
{"level":"info","args":{},"message":"FLUSHDB called"}
=== RUN   TestEval/two_keys_exist_in_db#01
{"level":"info","args":{},"message":"FLUSHDB called"}
=== RUN   TestEval/INCRBYFLOAT_on_a_key_with_non_numeric_value
=== RUN   TestEval/INCRBYFLOAT_on_a_non_existing_key
=== RUN   TestEval/INCRBYFLOAT_by_a_negative_increment
=== RUN   TestEval/INCRBYFLOAT_by_a_scientific_notation_increment
=== RUN   TestEval/INCRBYFLOAT_on_a_key_holding_a_scientific_notation_value
=== RUN   TestEval/INCRBYFLOAT_by_an_negative_increment_of_the_same_value
=== RUN   TestEval/INCRBYFLOAT_on_a_key_with_spaces
=== RUN   TestEval/INCRBYFLOAT_on_an_existing_key
=== RUN   TestEval/INCRBYFLOAT_on_a_key_with_integer_value
=== RUN   TestEval/INCRBYFLOAT_by_a_non_numeric_increment
=== RUN   TestEval/INCRBYFLOAT_by_a_number_that_would_turn_float64_to_Inf
=== RUN   TestEval/BITOP_missing_key_is_considered_a_stream_of_zero
=== RUN   TestEval/BITOP_shorter_keys_are_zero-padded_to_the_key_with_max_length
=== RUN   TestEval/BITOP_with_non_string_source_key
=== RUN   TestEval/BITOP_with_empty_string_after_non_empty_string
=== RUN   TestEval/BITOP_NOT_(empty_string)
=== RUN   TestEval/BITOP_NOT_(known_string)
=== RUN   TestEval/BITOP_where_dest_and_target_are_the_same_key
=== RUN   TestEval/BITOP_AND|OR|XOR_don't_change_the_string_with_single_input_key
=== RUN   TestEval/append_string_value_to_existing_key_having_string_value
=== RUN   TestEval/append_string_value_to_existing_key_having_integer_value
=== RUN   TestEval/append_modifies_the_encoding_from_int_to_raw
=== RUN   TestEval/append_to_key_created_using_SADD
=== RUN   TestEval/append_invalid_number_of_arguments
=== RUN   TestEval/append_to_non-existing_key
=== RUN   TestEval/append_integer_value_to_non_existing_key
=== RUN   TestEval/append_to_key_created_using_HSET
=== RUN   TestEval/nil_value#29
=== RUN   TestEval/append_empty_string_to_non-existing_key
=== RUN   TestEval/append_empty_string_to_existing_key_having_empty_string
=== RUN   TestEval/append_to_key_created_using_SETBIT
=== RUN   TestEval/append_empty_string_to_existing_key
=== RUN   TestEval/append_to_key_created_using_LPUSH
=== RUN   TestEval/key_exists_with_fields_and_count_argument
=== RUN   TestEval/key_exists_with_count_and_WITHVALUES_argument
=== RUN   TestEval/wrong_number_of_args_passed#07
=== RUN   TestEval/key_doesn't_exist#01
=== RUN   TestEval/key_exists_with_fields_and_no_count_argument
=== RUN   TestEval/ZADD_multiple_members
=== RUN   TestEval/ZADD_with_duplicate_members
=== RUN   TestEval/ZADD_with_extreme_float_value
=== RUN   TestEval/ZADD_with_INF_score
=== RUN   TestEval/ZADD_to_a_key_of_wrong_type
=== RUN   TestEval/ZADD_with_wrong_number_of_arguments
=== RUN   TestEval/ZADD_with_non-numeric_score
=== RUN   TestEval/ZADD_new_member_to_non-existing_key
=== RUN   TestEval/ZADD_existing_member_with_updated_score
=== RUN   TestEval/ZADD_with_negative_score
=== RUN   TestEval/ZADD_with_NaN_score
=== RUN   TestEval/ZRANGE_with_indices_out_of_bounds
=== RUN   TestEval/ZRANGE_WITHSCORES_option
=== RUN   TestEval/ZRANGE_with_invalid_option
=== RUN   TestEval/ZRANGE_with_REV_option
=== RUN   TestEval/ZRANGE_with_REV_and_WITHSCORES_options
=== RUN   TestEval/ZRANGE_with_normal_indices
=== RUN   TestEval/ZRANGE_with_negative_indices
=== RUN   TestEval/ZRANGE_with_start_>_stop
=== RUN   TestEval/ZRANGE_with_start_index_greater_than_length
=== RUN   TestEval/ZRANGE_with_negative_start_index_greater_than_length
=== RUN   TestEval/ZRANGE_on_non-existing_key
=== RUN   TestEval/ZRANGE_with_wrong_type_key
=== RUN   TestEval/HVALS_wrong_number_of_args_passed
|-> <nil> | <nil>
=== RUN   TestEval/HVALS_key_doesn't_exists
-> [42 48 13 10] | [42 48 13 10]
=== RUN   TestEval/HVALS_key_exists
-> [42 48 13 10] | [42 49 13 10 36 49 54 13 10 109 111 99 107 95 102 105 101 108 100 95 118 97 108 117 101 13 10]
    eval_test.go:2290: 
        	Error Trace:	/mnt/md0/github/dicedb/internal/eval/eval_test.go:2290
        	Error:      	Should be true
        	Test:       	TestEval/HVALS_key_exists
        	Messages:   	expected and actual byte slices should be equal
=== RUN   TestEval/BITFIELD_Arity
=== RUN   TestEval/BITFIELD_invalid_combination_of_commands_in_a_single_operation
=== RUN   TestEval/BITFIELD_invalid_overflow_type
=== RUN   TestEval/BITFIELD_missing_arguments_in_SET
=== RUN   TestEval/BITFIELD_signed_SET
=== RUN   TestEval/BITFIELD_GET
=== RUN   TestEval/BITFIELD_INCRBY
=== RUN   TestEval/BITFIELD_invalid_bitfield_type
=== RUN   TestEval/BITFIELD_invalid_bit_offset
=== RUN   TestEval/HINCRBYFLOAT_on_a_non-existing_key_and_field
=== RUN   TestEval/HINCRBYFLOAT_with_a_negative_increment
=== RUN   TestEval/HINCRBYFLOAT_with_scientific_notation
=== RUN   TestEval/HINCRBYFLOAT_by_a_value_that_would_turn_float64_to_Inf
=== RUN   TestEval/HINCRBYFLOAT_on_an_existing_key_and_non-existing_field
=== RUN   TestEval/HINCRBYFLOAT_on_an_existing_key_and_field_with_a_float_value
=== RUN   TestEval/HINCRBYFLOAT_on_an_existing_key_and_field_with_an_integer_value
=== RUN   TestEval/HINCRBYFLOAT_by_a_non-numeric_increment
=== RUN   TestEval/HINCRBYFLOAT_on_a_field_with_non-numeric_value
=== RUN   TestEval/GEOADD_with_NX_option_(new_member)
=== RUN   TestEval/GEOADD_with_non-numeric_latitude
=== RUN   TestEval/GEOADD_existing_member_with_updated_coordinates
=== RUN   TestEval/GEOADD_multiple_members
=== RUN   TestEval/GEOADD_with_NX_option_(existing_member)
=== RUN   TestEval/GEOADD_to_a_key_of_wrong_type
=== RUN   TestEval/GEOADD_with_longitude_out_of_range
=== RUN   TestEval/GEOADD_with_wrong_number_of_arguments
=== RUN   TestEval/GEOADD_new_member_to_non-existing_key
=== RUN   TestEval/GEOADD_with_both_NX_and_XX_options
=== RUN   TestEval/GEOADD_with_latitude_out_of_range
=== RUN   TestEval/GEOADD_with_non-numeric_longitude
=== RUN   TestEval/GEOADD_with_XX_option_(new_member)
=== RUN   TestEval/GEOADD_with_XX_option_(existing_member)
=== RUN   TestEval/GEOADD_with_invalid_option
=== RUN   TestEval/GEODIST_between_existing_points
=== RUN   TestEval/GEODIST_with_units_(km)
=== RUN   TestEval/GEODIST_to_same_point
=== RUN   TestEval/intersection_with_a_non-existent_key
=== RUN   TestEval/intersection_with_wrong_type
=== RUN   TestEval/no_arguments
=== RUN   TestEval/intersection_of_two_sets
=== RUN   TestEval/intersection_of_three_sets
=== RUN   TestEval/intersection_with_single_set
--- FAIL: TestEval (0.09s)
    --- PASS: TestEval/one_value (0.00s)
    --- PASS: TestEval/key_val_pair (0.00s)
    --- PASS: TestEval/odd_key_val_pair (0.00s)
    --- PASS: TestEval/even_key_val_pair (0.00s)
    --- PASS: TestEval/nil_value (0.00s)
    --- PASS: TestEval/empty_array (0.00s)
    --- PASS: TestEval/more_than_one_values (0.00s)
    --- PASS: TestEval/nil_value#01 (0.00s)
    --- PASS: TestEval/empty_args (0.00s)
    --- PASS: TestEval/one_value#01 (0.00s)
    --- PASS: TestEval/empty_args#01 (0.00s)
    --- PASS: TestEval/one_value#02 (0.00s)
    --- PASS: TestEval/more_than_one_values#01 (0.00s)
    --- PASS: TestEval/nil_value#02 (0.00s)
    --- PASS: TestEval/nil_value#03 (0.00s)
    --- PASS: TestEval/empty_array#01 (0.00s)
    --- PASS: TestEval/one_value#03 (0.00s)
    --- PASS: TestEval/key_val_pair#01 (0.00s)
    --- PASS: TestEval/key_val_pair_with_int_val (0.00s)
    --- PASS: TestEval/key_val_pair_and_expiry_key (0.00s)
    --- PASS: TestEval/key_val_pair_and_EX_no_val (0.00s)
    --- PASS: TestEval/key_val_pair_and_valid_EX (0.00s)
    --- PASS: TestEval/key_val_pair_and_invalid_EX (0.00s)
    --- PASS: TestEval/key_val_pair_and_valid_PX (0.00s)
    --- PASS: TestEval/key_val_pair_and_invalid_PX (0.00s)
    --- PASS: TestEval/key_val_pair_and_both_EX_and_PX (0.00s)
    --- PASS: TestEval/key_val_pair_and_PXAT_no_val (0.00s)
    --- PASS: TestEval/key_val_pair_and_invalid_PXAT (0.00s)
    --- PASS: TestEval/key_val_pair_and_expired_PXAT (0.00s)
    --- PASS: TestEval/key_val_pair_and_negative_PXAT (0.00s)
    --- PASS: TestEval/key_val_pair_and_valid_PXAT (0.00s)
    --- PASS: TestEval/nil_value#04 (0.00s)
    --- PASS: TestEval/empty_array#02 (0.00s)
    --- PASS: TestEval/key_does_not_exist (0.00s)
    --- PASS: TestEval/multiple_arguments (0.00s)
    --- PASS: TestEval/key_exists (0.00s)
    --- PASS: TestEval/key_exists_but_expired (0.00s)
    --- PASS: TestEval/key_holding_json_type (0.01s)
    --- PASS: TestEval/key_holding_set_type (0.00s)
    --- PASS: TestEval/key_val_pair_and_valid_EX#01 (0.00s)
    --- PASS: TestEval/key_val_pair_and_invalid_EX#01 (0.00s)
    --- PASS: TestEval/root_path (0.00s)
    --- PASS: TestEval/valid_path (0.00s)
    --- PASS: TestEval/multiple_paths_for_object_json (0.00s)
    --- PASS: TestEval/negative_index_path (0.00s)
    --- PASS: TestEval/wrong_subcommand_passed (0.00s)
    --- PASS: TestEval/help_with_args (0.00s)
    --- PASS: TestEval/invalid_path (0.00s)
    --- PASS: TestEval/multiple_index_paths_for_array_json (0.00s)
    --- PASS: TestEval/multiple_valid_and_invalid_index_paths (0.00s)
    --- PASS: TestEval/all_paths_with_semicolon_for_array_json (0.00s)
    --- PASS: TestEval/no_subcommand_passed (0.00s)
    --- PASS: TestEval/help_no_args (0.00s)
    --- PASS: TestEval/memory_without_args (0.00s)
    --- PASS: TestEval/no_path (0.00s)
    --- PASS: TestEval/multiple_negative_indexe_paths (0.00s)
    --- PASS: TestEval/array_json_with_mixed_types (0.00s)
    --- PASS: TestEval/memory_nonexistant_key (0.00s)
    --- PASS: TestEval/single_index_path_for_array_json (0.00s)
    --- PASS: TestEval/index_path_out_of_range_for_array_json (0.00s)
    --- PASS: TestEval/negative_index_path_out_of_bound (0.00s)
    --- PASS: TestEval/all_paths_with_asterix_for_array_json (0.00s)
    --- PASS: TestEval/subpath_two_array (0.02s)
    --- PASS: TestEval/subpath_not_array (0.00s)
    --- PASS: TestEval/key_does_not_exist#01 (0.00s)
    --- PASS: TestEval/index_is_not_integer (0.00s)
    --- PASS: TestEval/index_out_of_bounds (0.00s)
    --- PASS: TestEval/root_path_is_not_array (0.00s)
    --- PASS: TestEval/root_path_is_array (0.00s)
    --- PASS: TestEval/subpath_array (0.00s)
    --- PASS: TestEval/subpath_array_index_negative (0.00s)
    --- PASS: TestEval/index_negative_start_larger_than_stop (0.00s)
    --- PASS: TestEval/nil_value#05 (0.00s)
    --- PASS: TestEval/key_does_not_exist#02 (0.00s)
    --- PASS: TestEval/root_path_is_not_array#01 (0.00s)
    --- PASS: TestEval/subpath_array_insert_positive_index (0.00s)
    --- PASS: TestEval/array_insert_with_multitype_value (0.00s)
    --- PASS: TestEval/nil_value#06 (0.00s)
    --- PASS: TestEval/index_is_not_integer#01 (0.00s)
    --- PASS: TestEval/index_out_of_bounds#01 (0.00s)
    --- PASS: TestEval/root_path_is_array#01 (0.00s)
    --- PASS: TestEval/subpath_array_insert_negative_index (0.00s)
    --- PASS: TestEval/wrong_number_of_args_passed (0.00s)
    --- PASS: TestEval/empty_array_at_root_path (0.00s)
    --- PASS: TestEval/array_root_path_valid_negative_index (0.00s)
    --- PASS: TestEval/array_at_root_path_updated_correctly (0.00s)
    --- PASS: TestEval/array_root_path_out_of_bound_negative_index (0.00s)
    --- PASS: TestEval/nested_array_updated_correctly (0.00s)
    --- PASS: TestEval/key_does_not_exist#03 (0.00s)
    --- PASS: TestEval/empty_array_at_nested_path (0.00s)
    --- PASS: TestEval/all_paths_with_asterix (0.00s)
    --- PASS: TestEval/array_root_path_no_index (0.00s)
    --- PASS: TestEval/array_root_path_valid_positive_index (0.00s)
    --- PASS: TestEval/array_root_path_out_of_bound_positive_index (0.00s)
    --- PASS: TestEval/key_does_not_exist#04 (0.00s)
    --- PASS: TestEval/root_not_array_arrlen (0.00s)
    --- PASS: TestEval/root_array_arrlen (0.00s)
    --- PASS: TestEval/wildcase_no_array_arrlen (0.00s)
    --- PASS: TestEval/subpath_array_arrlen (0.00s)
    --- PASS: TestEval/nil_value#07 (0.00s)
    --- PASS: TestEval/key_does_not_exist#05 (0.00s)
    --- PASS: TestEval/root_path_del (0.00s)
    --- PASS: TestEval/part_path_del (0.00s)
    --- PASS: TestEval/wildcard_path_del (0.00s)
    --- PASS: TestEval/nil_value#08 (0.00s)
    --- PASS: TestEval/part_path_forget (0.00s)
    --- PASS: TestEval/wildcard_path_forget (0.00s)
    --- PASS: TestEval/nil_value#09 (0.00s)
    --- PASS: TestEval/key_does_not_exist#06 (0.00s)
    --- PASS: TestEval/root_path_forget (0.00s)
    --- PASS: TestEval/empty_array#03 (0.00s)
    --- PASS: TestEval/key_does_not_exist#07 (0.00s)
    --- PASS: TestEval/root_clear (0.00s)
    --- PASS: TestEval/array_type_clear (0.00s)
    --- PASS: TestEval/string_type_clear (0.00s)
    --- PASS: TestEval/integer_type_clear (0.00s)
    --- PASS: TestEval/number_type_clear (0.00s)
    --- PASS: TestEval/nil_value#10 (0.00s)
    --- PASS: TestEval/multi_type_clear (0.00s)
    --- PASS: TestEval/boolean_type_clear (0.00s)
    --- PASS: TestEval/multi_type_value (0.00s)
    --- PASS: TestEval/object_type_value (0.00s)
    --- PASS: TestEval/array_type_value (0.00s)
    --- PASS: TestEval/string_type_value (0.00s)
    --- PASS: TestEval/number_type_value (0.00s)
    --- PASS: TestEval/null_type_value (0.00s)
    --- PASS: TestEval/nil_value#11 (0.00s)
    --- PASS: TestEval/empty_array#04 (0.00s)
    --- PASS: TestEval/key_does_not_exist#08 (0.00s)
    --- PASS: TestEval/boolean_type_value (0.00s)
    --- PASS: TestEval/key_does_not_exist#09 (0.00s)
    --- PASS: TestEval/key_exists_invalid_value (0.00s)
    --- PASS: TestEval/key_exists_value (0.00s)
    --- PASS: TestEval/key_exists_but_expired#01 (0.00s)
    --- PASS: TestEval/nil_value#12 (0.00s)
    --- PASS: TestEval/empty_array#05 (0.00s)
    --- PASS: TestEval/nil_value#13 (0.00s)
    --- PASS: TestEval/empty_array#06 (0.00s)
    --- PASS: TestEval/insufficient_args (0.00s)
    --- PASS: TestEval/invalid_json_path (0.00s)
    --- PASS: TestEval/valid_json_path (0.00s)
    --- PASS: TestEval/insufficient_args#01 (0.00s)
    --- PASS: TestEval/non-numeric_multiplier_on_existing_key (0.00s)
    --- PASS: TestEval/nummultby_on_non_integer_root_fields (0.00s)
    --- PASS: TestEval/nummultby_on_recursive_fields (0.00s)
    --- PASS: TestEval/nummultby_on_integer_root_fields (0.00s)
    --- PASS: TestEval/nummultby_on_non-existent_key (0.00s)
    --- PASS: TestEval/nil_value#14 (0.00s)
    --- PASS: TestEval/empty_array#07 (0.00s)
    --- PASS: TestEval/key_does_not_exist#10 (0.00s)
    --- PASS: TestEval/key_exists,_toggling_boolean_true_to_false (0.00s)
    --- PASS: TestEval/key_exists,_toggling_boolean_false_to_true (0.00s)
    --- PASS: TestEval/key_exists_but_expired#02 (0.00s)
    --- PASS: TestEval/nested_JSON_structure_with_multiple_booleans (0.00s)
    --- PASS: TestEval/deeply_nested_JSON_structure_with_multiple_matching_fields (0.00s)
    --- PASS: TestEval/nil_value#15 (0.00s)
    --- PASS: TestEval/empty_array#08 (0.00s)
    --- PASS: TestEval/arr_append_with_json_value (0.00s)
    --- PASS: TestEval/arr_append_to_an_array_with_different_type (0.00s)
    --- PASS: TestEval/arr_append_single_element_to_an_array_field (0.00s)
    --- PASS: TestEval/arr_append_multiple_elements_to_an_array_field (0.00s)
    --- PASS: TestEval/arr_append_string_value (0.00s)
    --- PASS: TestEval/arr_append_to_append_on_root_node (0.00s)
    --- PASS: TestEval/arr_append_to_non_array_fields (0.00s)
    --- PASS: TestEval/arr_append_nested_array_value (0.00s)
    --- PASS: TestEval/arr_append_to_append_on_multiple_fields (0.00s)
    --- PASS: TestEval/nil_json (0.00s)
    --- PASS: TestEval/empty_object (0.00s)
    --- PASS: TestEval/array_with_mixed_types (0.00s)
    --- PASS: TestEval/one_layer_of_nesting_no_path (0.00s)
    --- PASS: TestEval/wrong_number_of_args_passed#01 (0.00s)
    --- PASS: TestEval/key_does_not_exist#11 (0.00s)
    --- PASS: TestEval/string_json (0.00s)
    --- PASS: TestEval/integer_json (0.00s)
    --- PASS: TestEval/bool_json (0.00s)
    --- PASS: TestEval/empty_array#09 (0.00s)
    --- PASS: TestEval/one_layer_of_nesting_with_path (0.00s)
    --- PASS: TestEval/key_does_not_exist#12 (0.00s)
    --- PASS: TestEval/multiple_arguments#01 (0.00s)
    --- PASS: TestEval/key_exists_expiry_not_set (0.00s)
    --- PASS: TestEval/key_exists_not_expired (0.00s)
    --- PASS: TestEval/key_exists_but_expired#03 (0.00s)
    --- PASS: TestEval/nil_value#16 (0.00s)
    --- PASS: TestEval/empty_array#10 (0.00s)
    --- PASS: TestEval/key_does_not_exist#13 (0.00s)
    --- PASS: TestEval/key_exists#01 (0.00s)
    --- PASS: TestEval/nil_value#17 (0.00s)
    --- PASS: TestEval/empty_array#11 (0.00s)
    --- PASS: TestEval/key_exists_but_no_expiration_set (0.00s)
    --- PASS: TestEval/key_exists_and_expiration_removed (0.00s)
    --- PASS: TestEval/key_exists_with_expiration_set_and_not_expired (0.00s)
    --- PASS: TestEval/wrong_number_of_arguments (0.00s)
    --- PASS: TestEval/key_does_not_exist#14 (0.00s)
    --- PASS: TestEval/nil_value#18 (0.00s)
    --- PASS: TestEval/key_exists#02 (0.00s)
    --- PASS: TestEval/invalid_expiry_time_exists_-_very_large_integer (0.00s)
    --- PASS: TestEval/invalid_expiry_time_exists_-_negative_integer (0.00s)
    --- PASS: TestEval/invalid_expiry_time_exists_-_empty_string (0.00s)
    --- PASS: TestEval/invalid_expiry_time_exists_-_with_float_number (0.00s)
    --- PASS: TestEval/empty_args#02 (0.00s)
    --- PASS: TestEval/wrong_number_of_args (0.00s)
    --- PASS: TestEval/key_does_not_exist#15 (0.00s)
    --- PASS: TestEval/wrong_number_of_args#01 (0.00s)
    --- PASS: TestEval/key_does_not_exist#16 (0.00s)
    --- PASS: TestEval/key_exists_without_expiry (0.00s)
    --- PASS: TestEval/key_exists_with_expiry (0.00s)
    --- PASS: TestEval/invalid_expire_time_-_very_large_integer (0.00s)
    --- PASS: TestEval/invalid_expire_time_-_negative_integer (0.00s)
    --- PASS: TestEval/nil_value#19 (0.00s)
    --- PASS: TestEval/empty_args#03 (0.00s)
    --- PASS: TestEval/wrong_number_of_args#02 (0.00s)
    --- PASS: TestEval/key_does_not_exist#17 (0.00s)
    --- PASS: TestEval/key_exists#03 (0.00s)
    --- PASS: TestEval/one_key_exists_in_db (0.00s)
    --- PASS: TestEval/two_keys_exist_in_db (0.00s)
    --- PASS: TestEval/repeating_keys_shall_result_in_same_dbsize (0.00s)
    --- PASS: TestEval/deleted_keys_shall_be_reflected_in_dbsize (0.00s)
    --- PASS: TestEval/DBSIZE_command_with_invalid_no_of_args (0.00s)
    --- PASS: TestEval/no_key_in_db (0.00s)
    --- PASS: TestEval/GETSET_with_1_arg (0.00s)
    --- PASS: TestEval/GETSET_with_3_args (0.00s)
    --- PASS: TestEval/GETSET_key_not_exists (0.00s)
    --- PASS: TestEval/GETSET_key_exists (0.00s)
    --- PASS: TestEval/GETSET_key_exists_TTL_should_be_reset (0.00s)
    --- PASS: TestEval/key,_field_and_value_passed (0.00s)
    --- PASS: TestEval/key,_field_and_value_updated (0.00s)
    --- PASS: TestEval/new_set_of_key,_field_and_value_added (0.00s)
    --- PASS: TestEval/apply_with_duplicate_key,_field_and_value_names (0.00s)
    --- PASS: TestEval/same_key_->_update_value,_add_new_field_and_value (0.00s)
    --- PASS: TestEval/wrong_number_of_args_passed#02 (0.00s)
    --- PASS: TestEval/only_key_passed (0.00s)
    --- PASS: TestEval/only_key_and_field_name_passed (0.00s)
    --- PASS: TestEval/new_set_of_key,_field_and_value_added#01 (0.00s)
    --- PASS: TestEval/apply_with_duplicate_key,_field_and_value_names#01 (0.00s)
    --- PASS: TestEval/same_key_->_update_value,_add_new_field_and_value#01 (0.00s)
    --- PASS: TestEval/wrong_number_of_args_passed#03 (0.00s)
    --- PASS: TestEval/only_key_passed#01 (0.00s)
    --- PASS: TestEval/only_key_and_field_name_passed#01 (0.00s)
    --- PASS: TestEval/key,_field_and_value_passed#01 (0.00s)
    --- PASS: TestEval/key,_field_and_value_updated#01 (0.00s)
    --- PASS: TestEval/HKEYS_wrong_number_of_args_passed (0.00s)
    --- PASS: TestEval/HKEYS_key_doesn't_exist (0.00s)
    --- FAIL: TestEval/HKEYS_key_exists_and_is_a_hash (0.00s)
    --- PASS: TestEval/empty_array#12 (0.00s)
    --- PASS: TestEval/one_value#04 (0.00s)
    --- PASS: TestEval/key_val_pair#02 (0.00s)
    --- PASS: TestEval/key_multiple_values (0.00s)
    --- PASS: TestEval/Incorrect_type_provided (0.00s)
    --- PASS: TestEval/nil_value#20 (0.00s)
    --- PASS: TestEval/PFCOUNT_with_empty_arg (0.00s)
    --- PASS: TestEval/PFCOUNT_key_not_exists (0.00s)
    --- PASS: TestEval/PFCOUNT_key_exists (0.00s)
    --- PASS: TestEval/wrong_number_of_args_passed#04 (0.00s)
    --- PASS: TestEval/only_key_passed#02 (0.00s)
    --- PASS: TestEval/key_doesn't_exists (0.00s)
    --- PASS: TestEval/key_exists_but_field_name_doesn't_exists (0.00s)
    --- PASS: TestEval/both_key_and_field_name_exists (0.00s)
    --- PASS: TestEval/some_fields_exist_some_do_not (0.00s)
    --- PASS: TestEval/wrong_number_of_args_passed#05 (0.00s)
    --- PASS: TestEval/only_key_passed#03 (0.00s)
    --- PASS: TestEval/key_doesn't_exists#01 (0.00s)
    --- PASS: TestEval/key_exists_but_field_name_doesn't_exists#01 (0.00s)
    --- PASS: TestEval/both_key_and_field_name_exists#01 (0.00s)
    --- PASS: TestEval/wrong_number_of_args_passed#06 (0.00s)
    --- PASS: TestEval/only_key_passed#04 (0.00s)
    --- PASS: TestEval/key_doesn't_exist (0.00s)
    --- PASS: TestEval/key_exists_but_field_name_doesn't_exists#02 (0.00s)
    --- PASS: TestEval/both_key_and_field_name_exists#02 (0.00s)
    --- PASS: TestEval/HEXISTS_wrong_number_of_args_passed (0.00s)
    --- PASS: TestEval/HEXISTS_only_key_passed (0.00s)
    --- PASS: TestEval/HEXISTS_key_doesn't_exist (0.00s)
    --- PASS: TestEval/HEXISTS_key_exists_but_field_name_doesn't_exists (0.00s)
    --- PASS: TestEval/HEXISTS_both_key_and_field_name_exists (0.00s)
    --- PASS: TestEval/HDEL_with_key_exists_but_not_a_hash (0.00s)
    --- PASS: TestEval/HDEL_with_delete_existing_fields (0.00s)
    --- PASS: TestEval/HDEL_with_delete_non-existing_fields (0.00s)
    --- PASS: TestEval/HDEL_with_wrong_number_of_args (0.00s)
    --- PASS: TestEval/HDEL_with_key_does_not_exist (0.00s)
    --- PASS: TestEval/HSCAN_with_MATCH_argument (0.00s)
    --- PASS: TestEval/HSCAN_with_wrong_number_of_args (0.00s)
    --- PASS: TestEval/HSCAN_with_key_does_not_exist (0.00s)
    --- PASS: TestEval/HSCAN_with_cursor_at_the_end (0.00s)
    --- PASS: TestEval/HSCAN_with_cursor_in_the_middle (0.00s)
    --- PASS: TestEval/HSCAN_with_COUNT_argument (0.00s)
    --- PASS: TestEval/HSCAN_with_MATCH_and_COUNT_arguments (0.00s)
    --- PASS: TestEval/HSCAN_with_invalid_MATCH_pattern (0.00s)
    --- PASS: TestEval/HSCAN_with_invalid_COUNT_value (0.00s)
    --- PASS: TestEval/HSCAN_with_key_exists_but_not_a_hash (0.00s)
    --- PASS: TestEval/HSCAN_with_valid_key_and_cursor (0.00s)
    --- PASS: TestEval/HSCAN_with_cursor_at_the_beginning (0.00s)
    --- PASS: TestEval/nil_value#21 (0.00s)
    --- PASS: TestEval/empty_array#13 (0.00s)
    --- PASS: TestEval/PFMERGE_invalid_hll_object (0.00s)
    --- PASS: TestEval/PFMERGE_destKey_doesn't_exist (0.00s)
    --- PASS: TestEval/PFMERGE_destKey_exist (0.00s)
    --- PASS: TestEval/PFMERGE_destKey_exist_srcKey_doesn't_exists (0.00s)
    --- PASS: TestEval/PFMERGE_destKey_exist_srcKey_exists (0.00s)
    --- PASS: TestEval/PFMERGE_destKey_exist_multiple_srcKey_exist (0.00s)
    --- PASS: TestEval/subpath_string_strlen (0.00s)
    --- PASS: TestEval/subpath_not_string_strlen (0.00s)
    --- PASS: TestEval/nil_value#22 (0.00s)
    --- PASS: TestEval/key_does_not_exist#18 (0.00s)
    --- PASS: TestEval/root_not_string_strlen (0.00s)
    --- PASS: TestEval/root_array_strlen (0.00s)
    --- PASS: TestEval/nil_value#23 (0.00s)
    --- PASS: TestEval/empty_args#04 (0.00s)
    --- PASS: TestEval/key_does_not_exist#19 (0.00s)
    --- PASS: TestEval/invalid_JSONPath (0.00s)
    --- PASS: TestEval/incomapitable_type(int)_objlen (0.00s)
    --- PASS: TestEval/incomapitable_type(string)_objlen (0.00s)
    --- PASS: TestEval/root_not_object (0.00s)
    --- PASS: TestEval/root_object_objlen (0.00s)
    --- PASS: TestEval/wildcard_no_object_objlen (0.00s)
    --- PASS: TestEval/subpath_object_objlen (0.00s)
    --- PASS: TestEval/incomapitable_type(array)_objlen (0.00s)
    --- PASS: TestEval/wrong_number_of_args#03 (0.00s)
    --- PASS: TestEval/key_does_not_exist#20 (0.00s)
    --- PASS: TestEval/key_exists_but_not_a_hash (0.00s)
    --- PASS: TestEval/empty_hash (0.00s)
    --- PASS: TestEval/hash_with_elements (0.00s)
    --- PASS: TestEval/nil_value#24 (0.00s)
    --- PASS: TestEval/database_is_specified (0.00s)
    --- PASS: TestEval/empty_args#05 (0.00s)
    --- PASS: TestEval/wrong_number_of_args#04 (0.00s)
    --- PASS: TestEval/key_does_not_exist#21 (0.00s)
    --- PASS: TestEval/key_exists#04 (0.00s)
    --- PASS: TestEval/key_with_different_type (0.00s)
    --- PASS: TestEval/nil_value#25 (0.00s)
    --- PASS: TestEval/key_val_pair_and_valid_EX#02 (0.00s)
    --- PASS: TestEval/key_val_pair_and_invalid_EX#02 (0.00s)
    --- PASS: TestEval/key_holding_json_type#01 (0.00s)
    --- PASS: TestEval/key_holding_set_type#01 (0.00s)
    --- PASS: TestEval/incr_on_numeric_field (0.00s)
    --- PASS: TestEval/incr_on_float_field (0.00s)
    --- PASS: TestEval/incr_on_multiple_fields (0.00s)
    --- PASS: TestEval/incr_on_array_element (0.00s)
    --- PASS: TestEval/incr_on_non-existent_field (0.00s)
    --- PASS: TestEval/incr_with_mixed_fields (0.00s)
    --- PASS: TestEval/incr_on_nested_fields (0.00s)
    --- PASS: TestEval/empty_array#14 (0.00s)
    --- PASS: TestEval/key_does_not_exist#22 (0.00s)
    --- PASS: TestEval/dump_string_value (0.00s)
    --- PASS: TestEval/dump_integer_value (0.00s)
    --- PASS: TestEval/dump_expired_key (0.00s)
    --- PASS: TestEval/nil_value#26 (0.00s)
    --- PASS: TestEval/TYPE_:_key_exists_and_is_of_type_Set (0.00s)
    --- PASS: TestEval/TYPE_:_key_exists_and_is_of_type_Hash (0.00s)
    --- PASS: TestEval/TYPE_:_incorrect_number_of_arguments (0.00s)
    --- PASS: TestEval/TYPE_:_key_does_not_exist (0.00s)
    --- PASS: TestEval/TYPE_:_key_exists_and_is_of_type_String (0.00s)
    --- PASS: TestEval/TYPE_:_key_exists_and_is_of_type_List (0.00s)
    --- PASS: TestEval/command_info_valid_command_SET (0.00s)
    --- PASS: TestEval/command_info_valid_command_GET (0.00s)
    --- PASS: TestEval/command_info_valid_command_PING (0.00s)
    --- PASS: TestEval/command_info_multiple_valid_commands (0.00s)
    --- PASS: TestEval/command_info_invalid_command (0.00s)
    --- PASS: TestEval/command_info_mixture_of_valid_and_invalid_commands (0.00s)
    --- PASS: TestEval/command_unknown (0.00s)
    --- PASS: TestEval/command_help (0.00s)
    --- PASS: TestEval/increment_value_is_not_int64 (0.00s)
    --- PASS: TestEval/update_the_exisiting_field_which_has_spaces (0.00s)
    --- PASS: TestEval/updating_the_existing_field_which_would_lead_to_negative_overflow (0.00s)
    --- PASS: TestEval/only_key_is_passed_in_args (0.00s)
    --- PASS: TestEval/only_key_and_field_is_passed_in_args (0.00s)
    --- PASS: TestEval/update_the_already_existing_field_in_the_key (0.00s)
    --- PASS: TestEval/update_the_existing_field_whose_datatype_is_not_int64 (0.00s)
    --- PASS: TestEval/updating_the_new_field_with_negative_value (0.00s)
    --- PASS: TestEval/update_the_exisiting_field_with_negative_value (0.00s)
    --- PASS: TestEval/updating_the_existing_field_which_would_lead_to_positive_overflow (0.00s)
    --- PASS: TestEval/invalid_number_of_args_passed (0.00s)
    --- PASS: TestEval/key,_field_and_increment_passed_in_args (0.00s)
    --- PASS: TestEval/increment_value_is_greater_than_the_bound_of_int64 (0.00s)
    --- PASS: TestEval/nil_value#27 (0.00s)
    --- PASS: TestEval/root_not_object#01 (0.00s)
    --- PASS: TestEval/wildcard_no_object_objkeys (0.00s)
    --- PASS: TestEval/incomapitable_type(int) (0.00s)
    --- PASS: TestEval/empty_args#06 (0.00s)
    --- PASS: TestEval/key_does_not_exist#23 (0.00s)
    --- PASS: TestEval/invalid_JSONPath#01 (0.00s)
    --- PASS: TestEval/incomapitable_type(string) (0.00s)
    --- PASS: TestEval/incomapitable_type(array) (0.00s)
    --- PASS: TestEval/GETRANGE_against_string_value:_-1,_-100 (0.00s)
    --- PASS: TestEval/GETRANGE_against_integer_value:_-1,_-100 (0.00s)
    --- PASS: TestEval/GETRANGE_against_string_value:_0,_-1 (0.00s)
    --- PASS: TestEval/GETRANGE_against_string_value:_-4,_-1 (0.00s)
    --- PASS: TestEval/GETRANGE_against_string_value:_0,_-100 (0.00s)
    --- PASS: TestEval/GETRANGE_against_string_value:_-100,_-101 (0.00s)
    --- PASS: TestEval/GETRANGE_against_integer_value:_5,_3 (0.00s)
    --- PASS: TestEval/GETRANGE_against_integer_value:_-100,_-99 (0.00s)
    --- PASS: TestEval/GETRANGE_against_string_value:_5,_5000 (0.00s)
    --- PASS: TestEval/GETRANGE_against_string_value:_-5000,_10000 (0.00s)
    --- PASS: TestEval/GETRANGE_against_string_value:_1,_-100 (0.00s)
    --- PASS: TestEval/GETRANGE_against_integer_value:_0,_-100 (0.00s)
    --- PASS: TestEval/GETRANGE_against_integer_value:_1,_-100 (0.00s)
    --- PASS: TestEval/GETRANGE_against_integer_value:_-100,_-100 (0.00s)
    --- PASS: TestEval/GETRANGE_against_wrong_key_type (0.00s)
    --- PASS: TestEval/GETRANGE_against_string_value:_0,_3 (0.00s)
    --- PASS: TestEval/GETRANGE_against_integer_value:_0,_2 (0.00s)
    --- PASS: TestEval/GETRANGE_against_integer_value:_0,_-1 (0.00s)
    --- PASS: TestEval/GETRANGE_against_integer_value:_-3,_-1 (0.00s)
    --- PASS: TestEval/GETRANGE_against_integer_value:_3,_5000 (0.00s)
    --- PASS: TestEval/GETRANGE_against_integer_value:_-5000,_10000 (0.00s)
    --- PASS: TestEval/GETRANGE_against_integer_value:_-100,_-101 (0.00s)
    --- PASS: TestEval/GETRANGE_against_non-existing_key (0.00s)
    --- PASS: TestEval/GETRANGE_against_string_value:_5,_3 (0.00s)
    --- PASS: TestEval/GETRANGE_against_string_value:_-100,_-100 (0.00s)
    --- PASS: TestEval/key,_field_and_value_passed#02 (0.00s)
    --- PASS: TestEval/new_set_of_key,_field_and_value_added#02 (0.00s)
    --- PASS: TestEval/apply_with_duplicate_key,_field_and_value_names#02 (0.00s)
    --- PASS: TestEval/no_args_passed (0.00s)
    --- PASS: TestEval/only_key_passed#05 (0.00s)
    --- PASS: TestEval/only_key_and_field_name_passed#02 (0.00s)
    --- PASS: TestEval/more_than_one_field_and_value_passed (0.00s)
    --- PASS: TestEval/more_than_one_values#02 (0.00s)
    --- PASS: TestEval/nil_value#28 (0.00s)
    --- PASS: TestEval/empty_args#07 (0.00s)
    --- PASS: TestEval/one_value#05 (0.00s)
    --- PASS: TestEval/#00 (0.00s)
    --- PASS: TestEval/#01 (0.00s)
    --- PASS: TestEval/#02 (0.00s)
    --- PASS: TestEval/#03 (0.00s)
    --- PASS: TestEval/#04 (0.00s)
    --- PASS: TestEval/#05 (0.00s)
    --- PASS: TestEval/#06 (0.00s)
    --- PASS: TestEval/#07 (0.00s)
    --- PASS: TestEval/#08 (0.00s)
    --- PASS: TestEval/#09 (0.00s)
    --- PASS: TestEval/#10 (0.00s)
    --- PASS: TestEval/#11 (0.00s)
    --- PASS: TestEval/#12 (0.00s)
    --- PASS: TestEval/#13 (0.00s)
    --- PASS: TestEval/one_key_exists_in_db#01 (0.00s)
    --- PASS: TestEval/two_keys_exist_in_db#01 (0.00s)
    --- PASS: TestEval/INCRBYFLOAT_on_a_key_with_non_numeric_value (0.00s)
    --- PASS: TestEval/INCRBYFLOAT_on_a_non_existing_key (0.00s)
    --- PASS: TestEval/INCRBYFLOAT_by_a_negative_increment (0.00s)
    --- PASS: TestEval/INCRBYFLOAT_by_a_scientific_notation_increment (0.00s)
    --- PASS: TestEval/INCRBYFLOAT_on_a_key_holding_a_scientific_notation_value (0.00s)
    --- PASS: TestEval/INCRBYFLOAT_by_an_negative_increment_of_the_same_value (0.00s)
    --- PASS: TestEval/INCRBYFLOAT_on_a_key_with_spaces (0.00s)
    --- PASS: TestEval/INCRBYFLOAT_on_an_existing_key (0.00s)
    --- PASS: TestEval/INCRBYFLOAT_on_a_key_with_integer_value (0.00s)
    --- PASS: TestEval/INCRBYFLOAT_by_a_non_numeric_increment (0.00s)
    --- PASS: TestEval/INCRBYFLOAT_by_a_number_that_would_turn_float64_to_Inf (0.00s)
    --- PASS: TestEval/BITOP_missing_key_is_considered_a_stream_of_zero (0.00s)
    --- PASS: TestEval/BITOP_shorter_keys_are_zero-padded_to_the_key_with_max_length (0.00s)
    --- PASS: TestEval/BITOP_with_non_string_source_key (0.00s)
    --- PASS: TestEval/BITOP_with_empty_string_after_non_empty_string (0.00s)
    --- PASS: TestEval/BITOP_NOT_(empty_string) (0.00s)
    --- PASS: TestEval/BITOP_NOT_(known_string) (0.00s)
    --- PASS: TestEval/BITOP_where_dest_and_target_are_the_same_key (0.00s)
    --- PASS: TestEval/BITOP_AND|OR|XOR_don't_change_the_string_with_single_input_key (0.00s)
    --- PASS: TestEval/append_string_value_to_existing_key_having_string_value (0.00s)
    --- PASS: TestEval/append_string_value_to_existing_key_having_integer_value (0.00s)
    --- PASS: TestEval/append_modifies_the_encoding_from_int_to_raw (0.00s)
    --- PASS: TestEval/append_to_key_created_using_SADD (0.00s)
    --- PASS: TestEval/append_invalid_number_of_arguments (0.00s)
    --- PASS: TestEval/append_to_non-existing_key (0.00s)
    --- PASS: TestEval/append_integer_value_to_non_existing_key (0.00s)
    --- PASS: TestEval/append_to_key_created_using_HSET (0.00s)
    --- PASS: TestEval/nil_value#29 (0.00s)
    --- PASS: TestEval/append_empty_string_to_non-existing_key (0.00s)
    --- PASS: TestEval/append_empty_string_to_existing_key_having_empty_string (0.00s)
    --- PASS: TestEval/append_to_key_created_using_SETBIT (0.00s)
    --- PASS: TestEval/append_empty_string_to_existing_key (0.00s)
    --- PASS: TestEval/append_to_key_created_using_LPUSH (0.00s)
    --- PASS: TestEval/key_exists_with_fields_and_count_argument (0.00s)
    --- PASS: TestEval/key_exists_with_count_and_WITHVALUES_argument (0.00s)
    --- PASS: TestEval/wrong_number_of_args_passed#07 (0.00s)
    --- PASS: TestEval/key_doesn't_exist#01 (0.00s)
    --- PASS: TestEval/key_exists_with_fields_and_no_count_argument (0.00s)
    --- PASS: TestEval/ZADD_multiple_members (0.00s)
    --- PASS: TestEval/ZADD_with_duplicate_members (0.00s)
    --- PASS: TestEval/ZADD_with_extreme_float_value (0.00s)
    --- PASS: TestEval/ZADD_with_INF_score (0.00s)
    --- PASS: TestEval/ZADD_to_a_key_of_wrong_type (0.00s)
    --- PASS: TestEval/ZADD_with_wrong_number_of_arguments (0.00s)
    --- PASS: TestEval/ZADD_with_non-numeric_score (0.00s)
    --- PASS: TestEval/ZADD_new_member_to_non-existing_key (0.00s)
    --- PASS: TestEval/ZADD_existing_member_with_updated_score (0.00s)
    --- PASS: TestEval/ZADD_with_negative_score (0.00s)
    --- PASS: TestEval/ZADD_with_NaN_score (0.00s)
    --- PASS: TestEval/ZRANGE_with_indices_out_of_bounds (0.00s)
    --- PASS: TestEval/ZRANGE_WITHSCORES_option (0.00s)
    --- PASS: TestEval/ZRANGE_with_invalid_option (0.00s)
    --- PASS: TestEval/ZRANGE_with_REV_option (0.00s)
    --- PASS: TestEval/ZRANGE_with_REV_and_WITHSCORES_options (0.00s)
    --- PASS: TestEval/ZRANGE_with_normal_indices (0.00s)
    --- PASS: TestEval/ZRANGE_with_negative_indices (0.00s)
    --- PASS: TestEval/ZRANGE_with_start_>_stop (0.00s)
    --- PASS: TestEval/ZRANGE_with_start_index_greater_than_length (0.00s)
    --- PASS: TestEval/ZRANGE_with_negative_start_index_greater_than_length (0.00s)
    --- PASS: TestEval/ZRANGE_on_non-existing_key (0.00s)
    --- PASS: TestEval/ZRANGE_with_wrong_type_key (0.00s)
    --- PASS: TestEval/HVALS_wrong_number_of_args_passed (0.00s)
    --- PASS: TestEval/HVALS_key_doesn't_exists (0.00s)
    --- FAIL: TestEval/HVALS_key_exists (0.00s)
    --- PASS: TestEval/BITFIELD_Arity (0.00s)
    --- PASS: TestEval/BITFIELD_invalid_combination_of_commands_in_a_single_operation (0.00s)
    --- PASS: TestEval/BITFIELD_invalid_overflow_type (0.00s)
    --- PASS: TestEval/BITFIELD_missing_arguments_in_SET (0.00s)
    --- PASS: TestEval/BITFIELD_signed_SET (0.00s)
    --- PASS: TestEval/BITFIELD_GET (0.00s)
    --- PASS: TestEval/BITFIELD_INCRBY (0.00s)
    --- PASS: TestEval/BITFIELD_invalid_bitfield_type (0.00s)
    --- PASS: TestEval/BITFIELD_invalid_bit_offset (0.00s)
    --- PASS: TestEval/HINCRBYFLOAT_on_a_non-existing_key_and_field (0.00s)
    --- PASS: TestEval/HINCRBYFLOAT_with_a_negative_increment (0.00s)
    --- PASS: TestEval/HINCRBYFLOAT_with_scientific_notation (0.00s)
    --- PASS: TestEval/HINCRBYFLOAT_by_a_value_that_would_turn_float64_to_Inf (0.00s)
    --- PASS: TestEval/HINCRBYFLOAT_on_an_existing_key_and_non-existing_field (0.00s)
    --- PASS: TestEval/HINCRBYFLOAT_on_an_existing_key_and_field_with_a_float_value (0.00s)
    --- PASS: TestEval/HINCRBYFLOAT_on_an_existing_key_and_field_with_an_integer_value (0.00s)
    --- PASS: TestEval/HINCRBYFLOAT_by_a_non-numeric_increment (0.00s)
    --- PASS: TestEval/HINCRBYFLOAT_on_a_field_with_non-numeric_value (0.00s)
    --- PASS: TestEval/GEOADD_with_NX_option_(new_member) (0.00s)
    --- PASS: TestEval/GEOADD_with_non-numeric_latitude (0.00s)
    --- PASS: TestEval/GEOADD_existing_member_with_updated_coordinates (0.00s)
    --- PASS: TestEval/GEOADD_multiple_members (0.00s)
    --- PASS: TestEval/GEOADD_with_NX_option_(existing_member) (0.00s)
    --- PASS: TestEval/GEOADD_to_a_key_of_wrong_type (0.00s)
    --- PASS: TestEval/GEOADD_with_longitude_out_of_range (0.00s)
    --- PASS: TestEval/GEOADD_with_wrong_number_of_arguments (0.00s)
    --- PASS: TestEval/GEOADD_new_member_to_non-existing_key (0.00s)
    --- PASS: TestEval/GEOADD_with_both_NX_and_XX_options (0.00s)
    --- PASS: TestEval/GEOADD_with_latitude_out_of_range (0.00s)
    --- PASS: TestEval/GEOADD_with_non-numeric_longitude (0.00s)
    --- PASS: TestEval/GEOADD_with_XX_option_(new_member) (0.00s)
    --- PASS: TestEval/GEOADD_with_XX_option_(existing_member) (0.00s)
    --- PASS: TestEval/GEOADD_with_invalid_option (0.00s)
    --- PASS: TestEval/GEODIST_between_existing_points (0.00s)
    --- PASS: TestEval/GEODIST_with_units_(km) (0.00s)
    --- PASS: TestEval/GEODIST_to_same_point (0.00s)
    --- PASS: TestEval/intersection_with_a_non-existent_key (0.00s)
    --- PASS: TestEval/intersection_with_wrong_type (0.00s)
    --- PASS: TestEval/no_arguments (0.00s)
    --- PASS: TestEval/intersection_of_two_sets (0.00s)
    --- PASS: TestEval/intersection_of_three_sets (0.00s)
    --- PASS: TestEval/intersection_with_single_set (0.00s)
FAIL
FAIL	github.com/dicedb/dice/internal/eval	0.132s
?   	github.com/dicedb/dice/internal/watchmanager	[no test files]
?   	github.com/dicedb/dice/internal/worker	[no test files]
testing: warning: no tests to run
PASS
ok  	github.com/dicedb/dice/internal/id	1.015s [no tests to run]
testing: warning: no tests to run
PASS
ok  	github.com/dicedb/dice/internal/regex	1.013s [no tests to run]
testing: warning: no tests to run
PASS
ok  	github.com/dicedb/dice/internal/server/utils	1.020s [no tests to run]
testing: warning: no tests to run
PASS
ok  	github.com/dicedb/dice/internal/sql	1.041s [no tests to run]
testing: warning: no tests to run
PASS
ok  	github.com/dicedb/dice/internal/store	1.034s [no tests to run]
FAIL
